<?xml version="1.0" encoding="UTF-8"?>
<!-- Generated by org.testng.reporters.JUnitReportReporter -->
<testsuite hostname="DESKTOP-4FKD42K" failures="0" tests="1" name="com.Test.Test_tc_009" time="184.394" errors="0" timestamp="2023-08-16T17:35:15 IST" skipped="0">
  <testcase classname="com.Test.Test_tc_009" name="verify_ContactUs_validCredential" time="184.394"/>
</testsuite> <!-- com.Test.Test_tc_009 -->
