<?xml version="1.0" encoding="UTF-8"?>
<!-- Generated by org.testng.reporters.JUnitReportReporter -->
<testsuite hostname="DESKTOP-4FKD42K" failures="0" tests="1" name="com.Test.Test_tc_002" time="86.061" errors="0" timestamp="2023-08-19T19:50:48 IST" skipped="0">
  <testcase classname="com.Test.Test_tc_002" name="verify_TestSkipLogin" time="86.061"/>
</testsuite> <!-- com.Test.Test_tc_002 -->
