<?xml version="1.0" encoding="UTF-8"?>
<!-- Generated by org.testng.reporters.JUnitReportReporter -->
<testsuite hostname="DESKTOP-4FKD42K" failures="0" tests="3" name="com.Test.LoginTest_001" time="183.779" errors="0" timestamp="2023-08-24T23:59:03 IST" skipped="0">
  <testcase classname="com.Test.LoginTest_001" name="ValidLogin" time="41.854"/>
  <testcase classname="com.Test.LoginTest_001" name="SkipLogin" time="52.647"/>
  <testcase classname="com.Test.LoginTest_001" name="ForgotPassword" time="89.278"/>
</testsuite> <!-- com.Test.LoginTest_001 -->
