<?xml version="1.0" encoding="UTF-8"?>
<!-- Generated by org.testng.reporters.JUnitReportReporter -->
<testsuite hostname="DESKTOP-4FKD42K" failures="0" tests="1" name="com.Test.AllServicesTest_003" time="374.796" errors="0" timestamp="2023-08-25T11:06:52 IST" skipped="0">
  <testcase classname="com.Test.AllServicesTest_003" name="Verify_AllServiceModules" time="374.796"/>
</testsuite> <!-- com.Test.AllServicesTest_003 -->
