<?xml version="1.0" encoding="UTF-8"?>
<!-- Generated by org.testng.reporters.JUnitReportReporter -->
<testsuite hostname="DESKTOP-4FKD42K" failures="0" tests="1" name="com.Test.CategoryTest_004" time="464.239" errors="0" timestamp="2023-08-23T01:00:49 IST" skipped="0">
  <testcase classname="com.Test.CategoryTest_004" name="Verify_Categories" time="464.239"/>
</testsuite> <!-- com.Test.CategoryTest_004 -->
