<?xml version="1.0" encoding="UTF-8"?>
<!-- Generated by org.testng.reporters.JUnitReportReporter -->
<testsuite hostname="DESKTOP-4FKD42K" failures="0" tests="1" name="com.Test.AboutMTest_002" time="744.437" errors="0" timestamp="2023-08-24T12:52:33 IST" skipped="0">
  <testcase classname="com.Test.AboutMTest_002" name="Verify_AllAboutModule" time="744.437"/>
</testsuite> <!-- com.Test.AboutMTest_002 -->
