<?xml version="1.0" encoding="UTF-8"?>
<!-- Generated by org.testng.reporters.JUnitReportReporter -->
<testsuite hostname="DESKTOP-4FKD42K" failures="0" tests="1" name="com.Test.Test_tc_006" time="197.193" errors="0" timestamp="2023-08-16T14:26:07 IST" skipped="0">
  <testcase classname="com.Test.Test_tc_006" name="verify_Festival_validCredential" time="197.193"/>
</testsuite> <!-- com.Test.Test_tc_006 -->
