<?xml version="1.0" encoding="UTF-8"?>
<!-- Generated by org.testng.reporters.JUnitReportReporter -->
<testsuite hostname="DESKTOP-4FKD42K" failures="0" tests="1" name="com.Test.Test_tc_011" time="350.392" errors="0" timestamp="2023-08-16T19:41:28 IST" skipped="0">
  <testcase classname="com.Test.Test_tc_011" name="verify_TestLogin_validCredential" time="350.392"/>
</testsuite> <!-- com.Test.Test_tc_011 -->
