<?xml version="1.0" encoding="UTF-8"?>
<!-- Generated by org.testng.reporters.JUnitReportReporter -->
<testsuite hostname="DESKTOP-4FKD42K" failures="0" tests="7" name="com.Test.AboutTest_002" time="1008.265" errors="0" timestamp="2023-08-25T00:18:28 IST" skipped="0">
  <testcase classname="com.Test.AboutTest_002" name="AboutCity" time="143.271"/>
  <testcase classname="com.Test.AboutTest_002" name="Festivals" time="162.054"/>
  <testcase classname="com.Test.AboutTest_002" name="FactAtGlance" time="147.229"/>
  <testcase classname="com.Test.AboutTest_002" name="Holidays" time="128.110"/>
  <testcase classname="com.Test.AboutTest_002" name="verify_ContactUs_validCredential" time="171.004"/>
  <testcase classname="com.Test.AboutTest_002" name="RateThisApp" time="122.671"/>
  <testcase classname="com.Test.AboutTest_002" name="VerifyLogOut" time="133.926"/>
</testsuite> <!-- com.Test.AboutTest_002 -->
