<?xml version="1.0" encoding="UTF-8"?>
<!-- Generated by org.testng.reporters.JUnitReportReporter -->
<testsuite hostname="DESKTOP-4FKD42K" failures="0" tests="1" name="com.Test.Test_tc_012" time="234.906" errors="0" timestamp="2023-08-18T19:06:48 IST" skipped="0">
  <testcase classname="com.Test.Test_tc_012" name="verify_Logout_validCredential" time="234.906"/>
</testsuite> <!-- com.Test.Test_tc_012 -->
