<?xml version="1.0" encoding="UTF-8"?>
<!-- Generated by org.testng.reporters.JUnitReportReporter -->
<testsuite hostname="DESKTOP-4FKD42K" failures="0" tests="1" name="com.Test.Test_tc_001" time="48.766" errors="0" timestamp="2023-08-19T15:35:09 IST" skipped="0">
  <testcase classname="com.Test.Test_tc_001" name="verify_TestLogin_validCredential" time="48.766"/>
</testsuite> <!-- com.Test.Test_tc_001 -->
