<?xml version="1.0" encoding="UTF-8"?>
<!-- Generated by org.testng.reporters.JUnitReportReporter -->
<testsuite hostname="DESKTOP-4FKD42K" failures="0" tests="1" name="com.Test.Test_tc_007" time="205.017" errors="0" timestamp="2023-08-18T01:09:35 IST" skipped="0">
  <testcase classname="com.Test.Test_tc_007" name="verify_FactAtGlance_validCredential" time="205.017"/>
</testsuite> <!-- com.Test.Test_tc_007 -->
