<?xml version="1.0" encoding="UTF-8"?>
<!-- Generated by org.testng.reporters.JUnitReportReporter -->
<testsuite hostname="DESKTOP-4FKD42K" failures="0" tests="1" name="com.Test.Test_tc_003" time="112.314" errors="0" timestamp="2023-08-19T15:35:09 IST" skipped="0">
  <testcase classname="com.Test.Test_tc_003" name="verify_TestForgotPassword" time="112.314"/>
</testsuite> <!-- com.Test.Test_tc_003 -->
