<?xml version="1.0" encoding="UTF-8"?>
<!-- Generated by org.testng.reporters.JUnitReportReporter -->
<testsuite hostname="DESKTOP-4FKD42K" failures="0" tests="1" name="com.Test.Tender" time="86.997" errors="0" timestamp="2023-08-11T21:26:34 IST" skipped="0">
  <testcase classname="com.Test.Tender" name="AppiumSkipButton" time="86.997"/>
</testsuite> <!-- com.Test.Tender -->
