<?xml version="1.0" encoding="UTF-8"?>
<!-- Generated by org.testng.reporters.JUnitReportReporter -->
<testsuite hostname="DESKTOP-4FKD42K" failures="0" tests="1" name="com.Test.HomePageTest_005" time="320.189" errors="0" timestamp="2023-08-23T16:03:54 IST" skipped="0">
  <testcase classname="com.Test.HomePageTest_005" name="Verify_HomePage" time="320.189"/>
</testsuite> <!-- com.Test.HomePageTest_005 -->
