<?xml version="1.0" encoding="UTF-8"?>
<!-- Generated by org.testng.reporters.JUnitReportReporter -->
<testsuite hostname="DESKTOP-4FKD42K" failures="0" tests="3" name="com.Test.LoginMTest_001" time="184.162" errors="0" timestamp="2023-08-24T23:50:46 IST" skipped="0">
  <testcase classname="com.Test.LoginMTest_001" name="ValidLogin" time="57.490"/>
  <testcase classname="com.Test.LoginMTest_001" name="SkipLogin" time="41.971"/>
  <testcase classname="com.Test.LoginMTest_001" name="ForgotPassword" time="84.701"/>
</testsuite> <!-- com.Test.LoginMTest_001 -->
