<?xml version="1.0" encoding="UTF-8"?>
<!-- Generated by org.testng.reporters.JUnitReportReporter -->
<testsuite hostname="DESKTOP-4FKD42K" failures="0" tests="1" name="com.Test.Test_tc_005" time="185.866" errors="0" timestamp="2023-08-16T12:26:09 IST" skipped="0">
  <testcase classname="com.Test.Test_tc_005" name="verify_AboutCity_validCredential" time="185.866"/>
</testsuite> <!-- com.Test.Test_tc_005 -->
