<?xml version="1.0" encoding="UTF-8"?>
<!-- Generated by org.testng.reporters.JUnitReportReporter -->
<testsuite hostname="DESKTOP-4FKD42K" failures="0" tests="1" name="com.Test.Test_tc_010" time="62.727" errors="0" timestamp="2023-08-16T17:35:15 IST" skipped="0">
  <testcase classname="com.Test.Test_tc_010" name="verify_Logout_validCredential" time="62.727"/>
</testsuite> <!-- com.Test.Test_tc_010 -->
