<?xml version="1.0" encoding="UTF-8"?>
<!-- Generated by org.testng.reporters.JUnitReportReporter -->
<testsuite hostname="DESKTOP-4FKD42K" failures="0" tests="1" name="com.Test.Test_tc_008" time="61.712" errors="0" timestamp="2023-08-16T17:35:15 IST" skipped="0">
  <testcase classname="com.Test.Test_tc_008" name="verify_Holiday_validCredential" time="61.712"/>
</testsuite> <!-- com.Test.Test_tc_008 -->
